2024-07-25 11:45:43,880 {"clientId": {"$oid": "66a21ec79a120a2543a74282"}, "message": "Connection pool created", "serverHost": "localhost", "serverPort": 27017}
2024-07-25 11:45:43,883 Total events in 'Application': 25050
2024-07-25 11:45:43,888 Inserting log entry: {'event_log_name': 'Application', 'event_id': 8233, 'event_category': 0, 'event_type': 2, 'event_time': 'Thu Jul 25 11:31:02 2024', 'event_data': ('0xC004F074', '0ff1ce15-a989-479d-af46-f275c6370663', 'd450596f-894d-49e0-966a-fd39ed4c4c64', 'UserLogon(2)')}
2024-07-25 11:45:43,890 {"message": "Server selection started", "selector": "<function writable_server_selector at 0x00000262460202C0>", "operation": "insert", "topologyDescription": "<TopologyDescription id: 66a21ec79a120a2543a74282, topology_type: Unknown, servers: [<ServerDescription ('localhost', 27017) server_type: Unknown, rtt: None>]>", "clientId": {"$oid": "66a21ec79a120a2543a74282"}}
2024-07-25 11:45:43,893 {"message": "Waiting for suitable server to become available", "selector": "<function writable_server_selector at 0x00000262460202C0>", "operation": "insert", "topologyDescription": "<TopologyDescription id: 66a21ec79a120a2543a74282, topology_type: Unknown, servers: [<ServerDescription ('localhost', 27017) server_type: Unknown, rtt: None>]>", "clientId": {"$oid": "66a21ec79a120a2543a74282"}, "remainingTimeMS": 30}
2024-07-25 11:45:43,897 {"clientId": {"$oid": "66a21ec79a120a2543a74282"}, "message": "Connection pool ready", "serverHost": "localhost", "serverPort": 27017}
2024-07-25 11:45:43,897 {"message": "Server selection succeeded", "selector": "<function writable_server_selector at 0x00000262460202C0>", "operation": "insert", "topologyDescription": "<TopologyDescription id: 66a21ec79a120a2543a74282, topology_type: Single, servers: [<ServerDescription ('localhost', 27017) server_type: Standalone, rtt: 0.0>]>", "clientId": {"$oid": "66a21ec79a120a2543a74282"}, "serverHost": "localhost", "serverPort": 27017}
2024-07-25 11:45:43,898 {"clientId": {"$oid": "66a21ec79a120a2543a74282"}, "message": "Connection checkout started", "serverHost": "localhost", "serverPort": 27017}
2024-07-25 11:45:43,898 {"clientId": {"$oid": "66a21ec79a120a2543a74282"}, "message": "Connection created", "serverHost": "localhost", "serverPort": 27017, "driverConnectionId": 1}
2024-07-25 11:45:43,919 {"clientId": {"$oid": "66a21ec79a120a2543a74282"}, "message": "Connection closed", "serverHost": "localhost", "serverPort": 27017, "driverConnectionId": 1, "reason": "An error occurred while using the connection", "error": "error"}
2024-07-25 11:45:43,920 {"clientId": {"$oid": "66a21ec79a120a2543a74282"}, "message": "Connection checkout failed", "serverHost": "localhost", "serverPort": 27017, "reason": "An error occurred while trying to establish a new connection", "error": "connectionError", "durationMS": 0.015999999988707714}
2024-07-25 11:45:43,920 {"clientId": {"$oid": "66a21ec79a120a2543a74282"}, "message": "Connection pool cleared", "serverHost": "localhost", "serverPort": 27017}
2024-07-25 11:45:43,920 Error collecting events from 'Application': Authentication failed., full error: {'ok': 0.0, 'errmsg': 'Authentication failed.', 'code': 18, 'codeName': 'AuthenticationFailed'}
2024-07-25 11:45:43,921 Total events in 'Security': 25804
2024-07-25 11:45:46,655 Logs collected from 'Security' inserted into MongoDB.
2024-07-25 11:45:46,655 Total events in 'System': 10837
2024-07-25 11:45:46,656 Inserting log entry: {'event_log_name': 'System', 'event_id': 1796, 'event_category': 0, 'event_type': 1, 'event_time': 'Thu Jul 25 11:36:03 2024', 'event_data': ('-2147020471',)}
2024-07-25 11:45:46,656 {"message": "Server selection started", "selector": "<function writable_server_selector at 0x00000262460202C0>", "operation": "insert", "topologyDescription": "<TopologyDescription id: 66a21ec79a120a2543a74282, topology_type: Single, servers: [<ServerDescription ('localhost', 27017) server_type: Unknown, rtt: None, error=OperationFailure(\"Authentication failed., full error: {'ok': 0.0, 'errmsg': 'Authentication failed.', 'code': 18, 'codeName': 'AuthenticationFailed'}\")>]>", "clientId": {"$oid": "66a21ec79a120a2543a74282"}}
2024-07-25 11:45:46,657 {"message": "Waiting for suitable server to become available", "selector": "<function writable_server_selector at 0x00000262460202C0>", "operation": "insert", "topologyDescription": "<TopologyDescription id: 66a21ec79a120a2543a74282, topology_type: Single, servers: [<ServerDescription ('localhost', 27017) server_type: Unknown, rtt: None, error=OperationFailure(\"Authentication failed., full error: {'ok': 0.0, 'errmsg': 'Authentication failed.', 'code': 18, 'codeName': 'AuthenticationFailed'}\")>]>", "clientId": {"$oid": "66a21ec79a120a2543a74282"}, "remainingTimeMS": 30}
2024-07-25 11:45:53,900 {"clientId": {"$oid": "66a21ec79a120a2543a74282"}, "message": "Connection pool ready", "serverHost": "localhost", "serverPort": 27017}
2024-07-25 11:45:53,901 {"message": "Server selection succeeded", "selector": "<function writable_server_selector at 0x00000262460202C0>", "operation": "insert", "topologyDescription": "<TopologyDescription id: 66a21ec79a120a2543a74282, topology_type: Single, servers: [<ServerDescription ('localhost', 27017) server_type: Standalone, rtt: 0.0>]>", "clientId": {"$oid": "66a21ec79a120a2543a74282"}, "serverHost": "localhost", "serverPort": 27017}
2024-07-25 11:45:53,901 {"clientId": {"$oid": "66a21ec79a120a2543a74282"}, "message": "Connection checkout started", "serverHost": "localhost", "serverPort": 27017}
2024-07-25 11:45:53,901 {"clientId": {"$oid": "66a21ec79a120a2543a74282"}, "message": "Connection created", "serverHost": "localhost", "serverPort": 27017, "driverConnectionId": 2}
2024-07-25 11:45:53,918 {"clientId": {"$oid": "66a21ec79a120a2543a74282"}, "message": "Connection closed", "serverHost": "localhost", "serverPort": 27017, "driverConnectionId": 2, "reason": "An error occurred while using the connection", "error": "error"}
2024-07-25 11:45:53,918 {"clientId": {"$oid": "66a21ec79a120a2543a74282"}, "message": "Connection checkout failed", "serverHost": "localhost", "serverPort": 27017, "reason": "An error occurred while trying to establish a new connection", "error": "connectionError", "durationMS": 0.015999999988707714}
2024-07-25 11:45:53,918 {"clientId": {"$oid": "66a21ec79a120a2543a74282"}, "message": "Connection pool cleared", "serverHost": "localhost", "serverPort": 27017}
2024-07-25 11:45:53,918 Error collecting events from 'System': Authentication failed., full error: {'ok': 0.0, 'errmsg': 'Authentication failed.', 'code': 18, 'codeName': 'AuthenticationFailed'}
2024-07-25 11:45:53,920 Total events in 'Setup': 25050
2024-07-25 11:45:53,920 Inserting log entry: {'event_log_name': 'Setup', 'event_id': 8233, 'event_category': 0, 'event_type': 2, 'event_time': 'Thu Jul 25 11:31:02 2024', 'event_data': ('0xC004F074', '0ff1ce15-a989-479d-af46-f275c6370663', 'd450596f-894d-49e0-966a-fd39ed4c4c64', 'UserLogon(2)')}
2024-07-25 11:45:53,920 {"message": "Server selection started", "selector": "<function writable_server_selector at 0x00000262460202C0>", "operation": "insert", "topologyDescription": "<TopologyDescription id: 66a21ec79a120a2543a74282, topology_type: Single, servers: [<ServerDescription ('localhost', 27017) server_type: Unknown, rtt: None, error=OperationFailure(\"Authentication failed., full error: {'ok': 0.0, 'errmsg': 'Authentication failed.', 'code': 18, 'codeName': 'AuthenticationFailed'}\")>]>", "clientId": {"$oid": "66a21ec79a120a2543a74282"}}
2024-07-25 11:45:53,922 {"message": "Waiting for suitable server to become available", "selector": "<function writable_server_selector at 0x00000262460202C0>", "operation": "insert", "topologyDescription": "<TopologyDescription id: 66a21ec79a120a2543a74282, topology_type: Single, servers: [<ServerDescription ('localhost', 27017) server_type: Unknown, rtt: None, error=OperationFailure(\"Authentication failed., full error: {'ok': 0.0, 'errmsg': 'Authentication failed.', 'code': 18, 'codeName': 'AuthenticationFailed'}\")>]>", "clientId": {"$oid": "66a21ec79a120a2543a74282"}, "remainingTimeMS": 30}
2024-07-25 11:46:03,901 {"clientId": {"$oid": "66a21ec79a120a2543a74282"}, "message": "Connection pool ready", "serverHost": "localhost", "serverPort": 27017}
2024-07-25 11:46:03,902 {"message": "Server selection succeeded", "selector": "<function writable_server_selector at 0x00000262460202C0>", "operation": "insert", "topologyDescription": "<TopologyDescription id: 66a21ec79a120a2543a74282, topology_type: Single, servers: [<ServerDescription ('localhost', 27017) server_type: Standalone, rtt: 0.0>]>", "clientId": {"$oid": "66a21ec79a120a2543a74282"}, "serverHost": "localhost", "serverPort": 27017}
2024-07-25 11:46:03,902 {"clientId": {"$oid": "66a21ec79a120a2543a74282"}, "message": "Connection checkout started", "serverHost": "localhost", "serverPort": 27017}
2024-07-25 11:46:03,902 {"clientId": {"$oid": "66a21ec79a120a2543a74282"}, "message": "Connection created", "serverHost": "localhost", "serverPort": 27017, "driverConnectionId": 3}
2024-07-25 11:46:03,923 {"clientId": {"$oid": "66a21ec79a120a2543a74282"}, "message": "Connection closed", "serverHost": "localhost", "serverPort": 27017, "driverConnectionId": 3, "reason": "An error occurred while using the connection", "error": "error"}
2024-07-25 11:46:03,923 {"clientId": {"$oid": "66a21ec79a120a2543a74282"}, "message": "Connection checkout failed", "serverHost": "localhost", "serverPort": 27017, "reason": "An error occurred while trying to establish a new connection", "error": "connectionError", "durationMS": 0.015999999988707714}
2024-07-25 11:46:03,924 {"clientId": {"$oid": "66a21ec79a120a2543a74282"}, "message": "Connection pool cleared", "serverHost": "localhost", "serverPort": 27017}
2024-07-25 11:46:03,924 Error collecting events from 'Setup': Authentication failed., full error: {'ok': 0.0, 'errmsg': 'Authentication failed.', 'code': 18, 'codeName': 'AuthenticationFailed'}
2024-07-25 11:46:03,925 Total events in 'ForwardedEvents': 25050
2024-07-25 11:46:03,926 Inserting log entry: {'event_log_name': 'ForwardedEvents', 'event_id': 8233, 'event_category': 0, 'event_type': 2, 'event_time': 'Thu Jul 25 11:31:02 2024', 'event_data': ('0xC004F074', '0ff1ce15-a989-479d-af46-f275c6370663', 'd450596f-894d-49e0-966a-fd39ed4c4c64', 'UserLogon(2)')}
2024-07-25 11:46:03,926 {"message": "Server selection started", "selector": "<function writable_server_selector at 0x00000262460202C0>", "operation": "insert", "topologyDescription": "<TopologyDescription id: 66a21ec79a120a2543a74282, topology_type: Single, servers: [<ServerDescription ('localhost', 27017) server_type: Unknown, rtt: None, error=OperationFailure(\"Authentication failed., full error: {'ok': 0.0, 'errmsg': 'Authentication failed.', 'code': 18, 'codeName': 'AuthenticationFailed'}\")>]>", "clientId": {"$oid": "66a21ec79a120a2543a74282"}}
2024-07-25 11:46:03,927 {"message": "Waiting for suitable server to become available", "selector": "<function writable_server_selector at 0x00000262460202C0>", "operation": "insert", "topologyDescription": "<TopologyDescription id: 66a21ec79a120a2543a74282, topology_type: Single, servers: [<ServerDescription ('localhost', 27017) server_type: Unknown, rtt: None, error=OperationFailure(\"Authentication failed., full error: {'ok': 0.0, 'errmsg': 'Authentication failed.', 'code': 18, 'codeName': 'AuthenticationFailed'}\")>]>", "clientId": {"$oid": "66a21ec79a120a2543a74282"}, "remainingTimeMS": 30}
2024-07-25 11:46:13,901 {"clientId": {"$oid": "66a21ec79a120a2543a74282"}, "message": "Connection pool ready", "serverHost": "localhost", "serverPort": 27017}
2024-07-25 11:46:13,902 {"message": "Server selection succeeded", "selector": "<function writable_server_selector at 0x00000262460202C0>", "operation": "insert", "topologyDescription": "<TopologyDescription id: 66a21ec79a120a2543a74282, topology_type: Single, servers: [<ServerDescription ('localhost', 27017) server_type: Standalone, rtt: 0.0>]>", "clientId": {"$oid": "66a21ec79a120a2543a74282"}, "serverHost": "localhost", "serverPort": 27017}
2024-07-25 11:46:13,902 {"clientId": {"$oid": "66a21ec79a120a2543a74282"}, "message": "Connection checkout started", "serverHost": "localhost", "serverPort": 27017}
2024-07-25 11:46:13,902 {"clientId": {"$oid": "66a21ec79a120a2543a74282"}, "message": "Connection created", "serverHost": "localhost", "serverPort": 27017, "driverConnectionId": 4}
2024-07-25 11:46:13,908 {"clientId": {"$oid": "66a21ec79a120a2543a74282"}, "message": "Connection closed", "serverHost": "localhost", "serverPort": 27017, "driverConnectionId": 4, "reason": "An error occurred while using the connection", "error": "error"}
2024-07-25 11:46:13,908 {"clientId": {"$oid": "66a21ec79a120a2543a74282"}, "message": "Connection checkout failed", "serverHost": "localhost", "serverPort": 27017, "reason": "An error occurred while trying to establish a new connection", "error": "connectionError", "durationMS": 0.0}
2024-07-25 11:46:13,908 {"clientId": {"$oid": "66a21ec79a120a2543a74282"}, "message": "Connection pool cleared", "serverHost": "localhost", "serverPort": 27017}
2024-07-25 11:46:13,909 Error collecting events from 'ForwardedEvents': Authentication failed., full error: {'ok': 0.0, 'errmsg': 'Authentication failed.', 'code': 18, 'codeName': 'AuthenticationFailed'}
2024-07-25 12:10:54,773 {"clientId": {"$oid": "66a224ae743ef749623c1307"}, "message": "Connection pool created", "serverHost": "localhost", "serverPort": 27017}
2024-07-25 12:10:54,782 {"clientId": {"$oid": "66a224ae743ef749623c1307"}, "message": "Connection pool ready", "serverHost": "localhost", "serverPort": 27017}
2024-07-25 12:10:55,176 {"clientId": {"$oid": "66a224af5d6da9141844630b"}, "message": "Connection pool created", "serverHost": "localhost", "serverPort": 27017}
2024-07-25 12:10:55,179 Total events in 'Application': 25056
2024-07-25 12:10:55,180 Preparing to insert log entry: {'event_log_name': 'Application', 'event_id': 8233, 'event_category': 0, 'event_type': 2, 'event_time': 'Thu Jul 25 11:31:02 2024', 'event_data': ('0xC004F074', '0ff1ce15-a989-479d-af46-f275c6370663', 'd450596f-894d-49e0-966a-fd39ed4c4c64', 'UserLogon(2)')}
2024-07-25 12:10:55,180 {"message": "Server selection started", "selector": "<function writable_server_selector at 0x000001DB37920220>", "operation": "insert", "topologyDescription": "<TopologyDescription id: 66a224af5d6da9141844630b, topology_type: Unknown, servers: [<ServerDescription ('localhost', 27017) server_type: Unknown, rtt: None>]>", "clientId": {"$oid": "66a224af5d6da9141844630b"}}
2024-07-25 12:10:55,182 {"message": "Waiting for suitable server to become available", "selector": "<function writable_server_selector at 0x000001DB37920220>", "operation": "insert", "topologyDescription": "<TopologyDescription id: 66a224af5d6da9141844630b, topology_type: Unknown, servers: [<ServerDescription ('localhost', 27017) server_type: Unknown, rtt: None>]>", "clientId": {"$oid": "66a224af5d6da9141844630b"}, "remainingTimeMS": 30}
2024-07-25 12:10:55,184 {"clientId": {"$oid": "66a224af5d6da9141844630b"}, "message": "Connection pool ready", "serverHost": "localhost", "serverPort": 27017}
2024-07-25 12:10:55,185 {"message": "Server selection succeeded", "selector": "<function writable_server_selector at 0x000001DB37920220>", "operation": "insert", "topologyDescription": "<TopologyDescription id: 66a224af5d6da9141844630b, topology_type: Single, servers: [<ServerDescription ('localhost', 27017) server_type: Standalone, rtt: 0.0>]>", "clientId": {"$oid": "66a224af5d6da9141844630b"}, "serverHost": "localhost", "serverPort": 27017}
2024-07-25 12:10:55,185 {"clientId": {"$oid": "66a224af5d6da9141844630b"}, "message": "Connection checkout started", "serverHost": "localhost", "serverPort": 27017}
2024-07-25 12:10:55,185 {"clientId": {"$oid": "66a224af5d6da9141844630b"}, "message": "Connection created", "serverHost": "localhost", "serverPort": 27017, "driverConnectionId": 1}
2024-07-25 12:10:55,189 {"clientId": {"$oid": "66a224af5d6da9141844630b"}, "message": "Connection closed", "serverHost": "localhost", "serverPort": 27017, "driverConnectionId": 1, "reason": "An error occurred while using the connection", "error": "error"}
2024-07-25 12:10:55,189 {"clientId": {"$oid": "66a224af5d6da9141844630b"}, "message": "Connection checkout failed", "serverHost": "localhost", "serverPort": 27017, "reason": "An error occurred while trying to establish a new connection", "error": "connectionError", "durationMS": 0.0}
2024-07-25 12:10:55,189 {"clientId": {"$oid": "66a224af5d6da9141844630b"}, "message": "Connection pool cleared", "serverHost": "localhost", "serverPort": 27017}
2024-07-25 12:10:55,191 Error inserting log entry into MongoDB: Authentication failed., full error: {'ok': 0.0, 'errmsg': 'Authentication failed.', 'code': 18, 'codeName': 'AuthenticationFailed'}
2024-07-25 12:10:55,198 Preparing to insert log entry: {'event_log_name': 'Application', 'event_id': 8233, 'event_category': 0, 'event_type': 2, 'event_time': 'Wed Jul 24 12:33:18 2024', 'event_data': ('0xC004F074', '0ff1ce15-a989-479d-af46-f275c6370663', 'd450596f-894d-49e0-966a-fd39ed4c4c64', 'NetworkAvailable')}
2024-07-25 12:10:55,199 {"message": "Server selection started", "selector": "<function writable_server_selector at 0x000001DB37920220>", "operation": "insert", "topologyDescription": "<TopologyDescription id: 66a224af5d6da9141844630b, topology_type: Single, servers: [<ServerDescription ('localhost', 27017) server_type: Unknown, rtt: None, error=OperationFailure(\"Authentication failed., full error: {'ok': 0.0, 'errmsg': 'Authentication failed.', 'code': 18, 'codeName': 'AuthenticationFailed'}\")>]>", "clientId": {"$oid": "66a224af5d6da9141844630b"}}
2024-07-25 12:10:55,199 {"message": "Waiting for suitable server to become available", "selector": "<function writable_server_selector at 0x000001DB37920220>", "operation": "insert", "topologyDescription": "<TopologyDescription id: 66a224af5d6da9141844630b, topology_type: Single, servers: [<ServerDescription ('localhost', 27017) server_type: Unknown, rtt: None, error=OperationFailure(\"Authentication failed., full error: {'ok': 0.0, 'errmsg': 'Authentication failed.', 'code': 18, 'codeName': 'AuthenticationFailed'}\")>]>", "clientId": {"$oid": "66a224af5d6da9141844630b"}, "remainingTimeMS": 30}
2024-07-25 12:11:05,188 {"clientId": {"$oid": "66a224af5d6da9141844630b"}, "message": "Connection pool ready", "serverHost": "localhost", "serverPort": 27017}
2024-07-25 12:11:05,189 {"message": "Server selection succeeded", "selector": "<function writable_server_selector at 0x000001DB37920220>", "operation": "insert", "topologyDescription": "<TopologyDescription id: 66a224af5d6da9141844630b, topology_type: Single, servers: [<ServerDescription ('localhost', 27017) server_type: Standalone, rtt: 0.0>]>", "clientId": {"$oid": "66a224af5d6da9141844630b"}, "serverHost": "localhost", "serverPort": 27017}
2024-07-25 12:11:05,189 {"clientId": {"$oid": "66a224af5d6da9141844630b"}, "message": "Connection checkout started", "serverHost": "localhost", "serverPort": 27017}
2024-07-25 12:11:05,190 {"clientId": {"$oid": "66a224af5d6da9141844630b"}, "message": "Connection created", "serverHost": "localhost", "serverPort": 27017, "driverConnectionId": 2}
2024-07-25 12:11:05,220 {"clientId": {"$oid": "66a224af5d6da9141844630b"}, "message": "Connection closed", "serverHost": "localhost", "serverPort": 27017, "driverConnectionId": 2, "reason": "An error occurred while using the connection", "error": "error"}
2024-07-25 12:11:05,220 {"clientId": {"$oid": "66a224af5d6da9141844630b"}, "message": "Connection checkout failed", "serverHost": "localhost", "serverPort": 27017, "reason": "An error occurred while trying to establish a new connection", "error": "connectionError", "durationMS": 0.03200000000651926}
2024-07-25 12:11:05,222 {"clientId": {"$oid": "66a224af5d6da9141844630b"}, "message": "Connection pool cleared", "serverHost": "localhost", "serverPort": 27017}
2024-07-25 12:11:05,223 Error inserting log entry into MongoDB: Authentication failed., full error: {'ok': 0.0, 'errmsg': 'Authentication failed.', 'code': 18, 'codeName': 'AuthenticationFailed'}
2024-07-25 12:11:05,226 Preparing to insert log entry: {'event_log_name': 'Application', 'event_id': 8233, 'event_category': 0, 'event_type': 2, 'event_time': 'Wed Jul 24 12:28:45 2024', 'event_data': ('0xC004F074', '0ff1ce15-a989-479d-af46-f275c6370663', 'd450596f-894d-49e0-966a-fd39ed4c4c64', 'UserLogon(1)')}
2024-07-25 12:11:05,227 {"message": "Server selection started", "selector": "<function writable_server_selector at 0x000001DB37920220>", "operation": "insert", "topologyDescription": "<TopologyDescription id: 66a224af5d6da9141844630b, topology_type: Single, servers: [<ServerDescription ('localhost', 27017) server_type: Unknown, rtt: None, error=OperationFailure(\"Authentication failed., full error: {'ok': 0.0, 'errmsg': 'Authentication failed.', 'code': 18, 'codeName': 'AuthenticationFailed'}\")>]>", "clientId": {"$oid": "66a224af5d6da9141844630b"}}
2024-07-25 12:11:05,227 {"message": "Waiting for suitable server to become available", "selector": "<function writable_server_selector at 0x000001DB37920220>", "operation": "insert", "topologyDescription": "<TopologyDescription id: 66a224af5d6da9141844630b, topology_type: Single, servers: [<ServerDescription ('localhost', 27017) server_type: Unknown, rtt: None, error=OperationFailure(\"Authentication failed., full error: {'ok': 0.0, 'errmsg': 'Authentication failed.', 'code': 18, 'codeName': 'AuthenticationFailed'}\")>]>", "clientId": {"$oid": "66a224af5d6da9141844630b"}, "remainingTimeMS": 30}
2024-07-25 12:11:15,188 {"clientId": {"$oid": "66a224af5d6da9141844630b"}, "message": "Connection pool ready", "serverHost": "localhost", "serverPort": 27017}
2024-07-25 12:11:15,189 {"message": "Server selection succeeded", "selector": "<function writable_server_selector at 0x000001DB37920220>", "operation": "insert", "topologyDescription": "<TopologyDescription id: 66a224af5d6da9141844630b, topology_type: Single, servers: [<ServerDescription ('localhost', 27017) server_type: Standalone, rtt: 0.0>]>", "clientId": {"$oid": "66a224af5d6da9141844630b"}, "serverHost": "localhost", "serverPort": 27017}
2024-07-25 12:11:15,189 {"clientId": {"$oid": "66a224af5d6da9141844630b"}, "message": "Connection checkout started", "serverHost": "localhost", "serverPort": 27017}
2024-07-25 12:11:15,189 {"clientId": {"$oid": "66a224af5d6da9141844630b"}, "message": "Connection created", "serverHost": "localhost", "serverPort": 27017, "driverConnectionId": 3}
2024-07-25 12:11:15,205 {"clientId": {"$oid": "66a224af5d6da9141844630b"}, "message": "Connection closed", "serverHost": "localhost", "serverPort": 27017, "driverConnectionId": 3, "reason": "An error occurred while using the connection", "error": "error"}
2024-07-25 12:11:15,206 {"clientId": {"$oid": "66a224af5d6da9141844630b"}, "message": "Connection checkout failed", "serverHost": "localhost", "serverPort": 27017, "reason": "An error occurred while trying to establish a new connection", "error": "connectionError", "durationMS": 0.01600000000325963}
2024-07-25 12:11:15,206 {"clientId": {"$oid": "66a224af5d6da9141844630b"}, "message": "Connection pool cleared", "serverHost": "localhost", "serverPort": 27017}
2024-07-25 12:11:15,206 Error inserting log entry into MongoDB: Authentication failed., full error: {'ok': 0.0, 'errmsg': 'Authentication failed.', 'code': 18, 'codeName': 'AuthenticationFailed'}
2024-07-25 12:11:15,210 Preparing to insert log entry: {'event_log_name': 'Application', 'event_id': 1000, 'event_category': 0, 'event_type': 2, 'event_time': 'Wed Jul 24 12:28:04 2024', 'event_data': ('SSLConfigLoad: Failed to load OpenSSL config file.\n',)}
2024-07-25 12:11:15,210 {"message": "Server selection started", "selector": "<function writable_server_selector at 0x000001DB37920220>", "operation": "insert", "topologyDescription": "<TopologyDescription id: 66a224af5d6da9141844630b, topology_type: Single, servers: [<ServerDescription ('localhost', 27017) server_type: Unknown, rtt: None, error=OperationFailure(\"Authentication failed., full error: {'ok': 0.0, 'errmsg': 'Authentication failed.', 'code': 18, 'codeName': 'AuthenticationFailed'}\")>]>", "clientId": {"$oid": "66a224af5d6da9141844630b"}}
2024-07-25 12:11:15,210 {"message": "Waiting for suitable server to become available", "selector": "<function writable_server_selector at 0x000001DB37920220>", "operation": "insert", "topologyDescription": "<TopologyDescription id: 66a224af5d6da9141844630b, topology_type: Single, servers: [<ServerDescription ('localhost', 27017) server_type: Unknown, rtt: None, error=OperationFailure(\"Authentication failed., full error: {'ok': 0.0, 'errmsg': 'Authentication failed.', 'code': 18, 'codeName': 'AuthenticationFailed'}\")>]>", "clientId": {"$oid": "66a224af5d6da9141844630b"}, "remainingTimeMS": 30}
2024-07-25 12:11:25,189 {"clientId": {"$oid": "66a224af5d6da9141844630b"}, "message": "Connection pool ready", "serverHost": "localhost", "serverPort": 27017}
2024-07-25 12:11:25,189 {"message": "Server selection succeeded", "selector": "<function writable_server_selector at 0x000001DB37920220>", "operation": "insert", "topologyDescription": "<TopologyDescription id: 66a224af5d6da9141844630b, topology_type: Single, servers: [<ServerDescription ('localhost', 27017) server_type: Standalone, rtt: 0.0>]>", "clientId": {"$oid": "66a224af5d6da9141844630b"}, "serverHost": "localhost", "serverPort": 27017}
2024-07-25 12:11:25,190 {"clientId": {"$oid": "66a224af5d6da9141844630b"}, "message": "Connection checkout started", "serverHost": "localhost", "serverPort": 27017}
2024-07-25 12:11:25,190 {"clientId": {"$oid": "66a224af5d6da9141844630b"}, "message": "Connection created", "serverHost": "localhost", "serverPort": 27017, "driverConnectionId": 4}
2024-07-25 12:11:25,218 {"clientId": {"$oid": "66a224af5d6da9141844630b"}, "message": "Connection closed", "serverHost": "localhost", "serverPort": 27017, "driverConnectionId": 4, "reason": "An error occurred while using the connection", "error": "error"}
2024-07-25 12:11:25,218 {"clientId": {"$oid": "66a224af5d6da9141844630b"}, "message": "Connection checkout failed", "serverHost": "localhost", "serverPort": 27017, "reason": "An error occurred while trying to establish a new connection", "error": "connectionError", "durationMS": 0.03200000000651926}
2024-07-25 12:11:25,219 {"clientId": {"$oid": "66a224af5d6da9141844630b"}, "message": "Connection pool cleared", "serverHost": "localhost", "serverPort": 27017}
2024-07-25 12:11:25,219 Error inserting log entry into MongoDB: Authentication failed., full error: {'ok': 0.0, 'errmsg': 'Authentication failed.', 'code': 18, 'codeName': 'AuthenticationFailed'}
2024-07-25 12:11:25,220 Preparing to insert log entry: {'event_log_name': 'Application', 'event_id': 13, 'event_category': 0, 'event_type': 1, 'event_time': 'Wed Jul 24 12:27:25 2024', 'event_data': ('{4e14fba2-2e22-11d1-9964-00c04fbbb345}', 'CEventSystem', '0x8007045b, Un arrêt système est en cours.\r\n', '')}
2024-07-25 12:11:25,220 {"message": "Server selection started", "selector": "<function writable_server_selector at 0x000001DB37920220>", "operation": "insert", "topologyDescription": "<TopologyDescription id: 66a224af5d6da9141844630b, topology_type: Single, servers: [<ServerDescription ('localhost', 27017) server_type: Unknown, rtt: None, error=OperationFailure(\"Authentication failed., full error: {'ok': 0.0, 'errmsg': 'Authentication failed.', 'code': 18, 'codeName': 'AuthenticationFailed'}\")>]>", "clientId": {"$oid": "66a224af5d6da9141844630b"}}
2024-07-25 12:11:25,222 {"message": "Waiting for suitable server to become available", "selector": "<function writable_server_selector at 0x000001DB37920220>", "operation": "insert", "topologyDescription": "<TopologyDescription id: 66a224af5d6da9141844630b, topology_type: Single, servers: [<ServerDescription ('localhost', 27017) server_type: Unknown, rtt: None, error=OperationFailure(\"Authentication failed., full error: {'ok': 0.0, 'errmsg': 'Authentication failed.', 'code': 18, 'codeName': 'AuthenticationFailed'}\")>]>", "clientId": {"$oid": "66a224af5d6da9141844630b"}, "remainingTimeMS": 30}
2024-07-25 12:11:35,190 {"clientId": {"$oid": "66a224af5d6da9141844630b"}, "message": "Connection pool ready", "serverHost": "localhost", "serverPort": 27017}
2024-07-25 12:11:35,191 {"message": "Server selection succeeded", "selector": "<function writable_server_selector at 0x000001DB37920220>", "operation": "insert", "topologyDescription": "<TopologyDescription id: 66a224af5d6da9141844630b, topology_type: Single, servers: [<ServerDescription ('localhost', 27017) server_type: Standalone, rtt: 0.0>]>", "clientId": {"$oid": "66a224af5d6da9141844630b"}, "serverHost": "localhost", "serverPort": 27017}
2024-07-25 12:11:35,191 {"clientId": {"$oid": "66a224af5d6da9141844630b"}, "message": "Connection checkout started", "serverHost": "localhost", "serverPort": 27017}
2024-07-25 12:11:35,191 {"clientId": {"$oid": "66a224af5d6da9141844630b"}, "message": "Connection created", "serverHost": "localhost", "serverPort": 27017, "driverConnectionId": 5}
2024-07-25 12:11:35,213 {"clientId": {"$oid": "66a224af5d6da9141844630b"}, "message": "Connection closed", "serverHost": "localhost", "serverPort": 27017, "driverConnectionId": 5, "reason": "An error occurred while using the connection", "error": "error"}
2024-07-25 12:11:35,213 {"clientId": {"$oid": "66a224af5d6da9141844630b"}, "message": "Connection checkout failed", "serverHost": "localhost", "serverPort": 27017, "reason": "An error occurred while trying to establish a new connection", "error": "connectionError", "durationMS": 0.03200000000651926}
2024-07-25 12:11:35,213 {"clientId": {"$oid": "66a224af5d6da9141844630b"}, "message": "Connection pool cleared", "serverHost": "localhost", "serverPort": 27017}
2024-07-25 12:11:35,214 Error inserting log entry into MongoDB: Authentication failed., full error: {'ok': 0.0, 'errmsg': 'Authentication failed.', 'code': 18, 'codeName': 'AuthenticationFailed'}
2024-07-25 12:11:35,214 Preparing to insert log entry: {'event_log_name': 'Application', 'event_id': 8193, 'event_category': 0, 'event_type': 1, 'event_time': 'Wed Jul 24 12:27:25 2024', 'event_data': ('CoCreateInstance', '0x8007045b, Un arrêt système est en cours.\r\n', '')}
2024-07-25 12:11:35,214 {"message": "Server selection started", "selector": "<function writable_server_selector at 0x000001DB37920220>", "operation": "insert", "topologyDescription": "<TopologyDescription id: 66a224af5d6da9141844630b, topology_type: Single, servers: [<ServerDescription ('localhost', 27017) server_type: Unknown, rtt: None, error=OperationFailure(\"Authentication failed., full error: {'ok': 0.0, 'errmsg': 'Authentication failed.', 'code': 18, 'codeName': 'AuthenticationFailed'}\")>]>", "clientId": {"$oid": "66a224af5d6da9141844630b"}}
2024-07-25 12:11:35,215 {"message": "Waiting for suitable server to become available", "selector": "<function writable_server_selector at 0x000001DB37920220>", "operation": "insert", "topologyDescription": "<TopologyDescription id: 66a224af5d6da9141844630b, topology_type: Single, servers: [<ServerDescription ('localhost', 27017) server_type: Unknown, rtt: None, error=OperationFailure(\"Authentication failed., full error: {'ok': 0.0, 'errmsg': 'Authentication failed.', 'code': 18, 'codeName': 'AuthenticationFailed'}\")>]>", "clientId": {"$oid": "66a224af5d6da9141844630b"}, "remainingTimeMS": 30}
2024-07-25 12:11:45,192 {"clientId": {"$oid": "66a224af5d6da9141844630b"}, "message": "Connection pool ready", "serverHost": "localhost", "serverPort": 27017}
2024-07-25 12:11:45,193 {"message": "Server selection succeeded", "selector": "<function writable_server_selector at 0x000001DB37920220>", "operation": "insert", "topologyDescription": "<TopologyDescription id: 66a224af5d6da9141844630b, topology_type: Single, servers: [<ServerDescription ('localhost', 27017) server_type: Standalone, rtt: 0.0>]>", "clientId": {"$oid": "66a224af5d6da9141844630b"}, "serverHost": "localhost", "serverPort": 27017}
2024-07-25 12:11:45,194 {"clientId": {"$oid": "66a224af5d6da9141844630b"}, "message": "Connection checkout started", "serverHost": "localhost", "serverPort": 27017}
2024-07-25 12:11:45,194 {"clientId": {"$oid": "66a224af5d6da9141844630b"}, "message": "Connection created", "serverHost": "localhost", "serverPort": 27017, "driverConnectionId": 6}
2024-07-25 12:11:45,204 {"clientId": {"$oid": "66a224af5d6da9141844630b"}, "message": "Connection closed", "serverHost": "localhost", "serverPort": 27017, "driverConnectionId": 6, "reason": "An error occurred while using the connection", "error": "error"}
2024-07-25 12:11:45,204 {"clientId": {"$oid": "66a224af5d6da9141844630b"}, "message": "Connection checkout failed", "serverHost": "localhost", "serverPort": 27017, "reason": "An error occurred while trying to establish a new connection", "error": "connectionError", "durationMS": 0.0}
2024-07-25 12:11:45,205 {"clientId": {"$oid": "66a224af5d6da9141844630b"}, "message": "Connection pool cleared", "serverHost": "localhost", "serverPort": 27017}
2024-07-25 12:11:45,206 Error inserting log entry into MongoDB: Authentication failed., full error: {'ok': 0.0, 'errmsg': 'Authentication failed.', 'code': 18, 'codeName': 'AuthenticationFailed'}
2024-07-25 12:11:45,206 Preparing to insert log entry: {'event_log_name': 'Application', 'event_id': 13, 'event_category': 0, 'event_type': 1, 'event_time': 'Wed Jul 24 12:27:25 2024', 'event_data': ('{4e14fba2-2e22-11d1-9964-00c04fbbb345}', 'CEventSystem', '0x8007045b, Un arrêt système est en cours.\r\n', '')}
2024-07-25 12:11:45,206 {"message": "Server selection started", "selector": "<function writable_server_selector at 0x000001DB37920220>", "operation": "insert", "topologyDescription": "<TopologyDescription id: 66a224af5d6da9141844630b, topology_type: Single, servers: [<ServerDescription ('localhost', 27017) server_type: Unknown, rtt: None, error=OperationFailure(\"Authentication failed., full error: {'ok': 0.0, 'errmsg': 'Authentication failed.', 'code': 18, 'codeName': 'AuthenticationFailed'}\")>]>", "clientId": {"$oid": "66a224af5d6da9141844630b"}}
2024-07-25 12:11:45,207 {"message": "Waiting for suitable server to become available", "selector": "<function writable_server_selector at 0x000001DB37920220>", "operation": "insert", "topologyDescription": "<TopologyDescription id: 66a224af5d6da9141844630b, topology_type: Single, servers: [<ServerDescription ('localhost', 27017) server_type: Unknown, rtt: None, error=OperationFailure(\"Authentication failed., full error: {'ok': 0.0, 'errmsg': 'Authentication failed.', 'code': 18, 'codeName': 'AuthenticationFailed'}\")>]>", "clientId": {"$oid": "66a224af5d6da9141844630b"}, "remainingTimeMS": 30}
2024-07-25 12:11:55,193 {"clientId": {"$oid": "66a224af5d6da9141844630b"}, "message": "Connection pool ready", "serverHost": "localhost", "serverPort": 27017}
2024-07-25 12:11:55,194 {"message": "Server selection succeeded", "selector": "<function writable_server_selector at 0x000001DB37920220>", "operation": "insert", "topologyDescription": "<TopologyDescription id: 66a224af5d6da9141844630b, topology_type: Single, servers: [<ServerDescription ('localhost', 27017) server_type: Standalone, rtt: 0.0>]>", "clientId": {"$oid": "66a224af5d6da9141844630b"}, "serverHost": "localhost", "serverPort": 27017}
2024-07-25 12:11:55,194 {"clientId": {"$oid": "66a224af5d6da9141844630b"}, "message": "Connection checkout started", "serverHost": "localhost", "serverPort": 27017}
2024-07-25 12:11:55,195 {"clientId": {"$oid": "66a224af5d6da9141844630b"}, "message": "Connection created", "serverHost": "localhost", "serverPort": 27017, "driverConnectionId": 7}
2024-07-25 12:11:55,226 {"clientId": {"$oid": "66a224af5d6da9141844630b"}, "message": "Connection closed", "serverHost": "localhost", "serverPort": 27017, "driverConnectionId": 7, "reason": "An error occurred while using the connection", "error": "error"}
2024-07-25 12:11:55,227 {"clientId": {"$oid": "66a224af5d6da9141844630b"}, "message": "Connection checkout failed", "serverHost": "localhost", "serverPort": 27017, "reason": "An error occurred while trying to establish a new connection", "error": "connectionError", "durationMS": 0.031000000002677552}
2024-07-25 12:11:55,227 {"clientId": {"$oid": "66a224af5d6da9141844630b"}, "message": "Connection pool cleared", "serverHost": "localhost", "serverPort": 27017}
2024-07-25 12:11:55,228 Error inserting log entry into MongoDB: Authentication failed., full error: {'ok': 0.0, 'errmsg': 'Authentication failed.', 'code': 18, 'codeName': 'AuthenticationFailed'}
2024-07-25 12:11:55,232 Preparing to insert log entry: {'event_log_name': 'Application', 'event_id': 8233, 'event_category': 0, 'event_type': 2, 'event_time': 'Wed Jul 24 12:09:59 2024', 'event_data': ('0xC004F074', '0ff1ce15-a989-479d-af46-f275c6370663', 'd450596f-894d-49e0-966a-fd39ed4c4c64', 'UserLogon(4)')}
2024-07-25 12:11:55,232 {"message": "Server selection started", "selector": "<function writable_server_selector at 0x000001DB37920220>", "operation": "insert", "topologyDescription": "<TopologyDescription id: 66a224af5d6da9141844630b, topology_type: Single, servers: [<ServerDescription ('localhost', 27017) server_type: Unknown, rtt: None, error=OperationFailure(\"Authentication failed., full error: {'ok': 0.0, 'errmsg': 'Authentication failed.', 'code': 18, 'codeName': 'AuthenticationFailed'}\")>]>", "clientId": {"$oid": "66a224af5d6da9141844630b"}}
2024-07-25 12:11:55,232 {"message": "Waiting for suitable server to become available", "selector": "<function writable_server_selector at 0x000001DB37920220>", "operation": "insert", "topologyDescription": "<TopologyDescription id: 66a224af5d6da9141844630b, topology_type: Single, servers: [<ServerDescription ('localhost', 27017) server_type: Unknown, rtt: None, error=OperationFailure(\"Authentication failed., full error: {'ok': 0.0, 'errmsg': 'Authentication failed.', 'code': 18, 'codeName': 'AuthenticationFailed'}\")>]>", "clientId": {"$oid": "66a224af5d6da9141844630b"}, "remainingTimeMS": 30}
2024-07-25 12:12:05,194 {"clientId": {"$oid": "66a224af5d6da9141844630b"}, "message": "Connection pool ready", "serverHost": "localhost", "serverPort": 27017}
2024-07-25 12:12:05,194 {"message": "Server selection succeeded", "selector": "<function writable_server_selector at 0x000001DB37920220>", "operation": "insert", "topologyDescription": "<TopologyDescription id: 66a224af5d6da9141844630b, topology_type: Single, servers: [<ServerDescription ('localhost', 27017) server_type: Standalone, rtt: 0.0>]>", "clientId": {"$oid": "66a224af5d6da9141844630b"}, "serverHost": "localhost", "serverPort": 27017}
2024-07-25 12:12:05,194 {"clientId": {"$oid": "66a224af5d6da9141844630b"}, "message": "Connection checkout started", "serverHost": "localhost", "serverPort": 27017}
2024-07-25 12:12:05,195 {"clientId": {"$oid": "66a224af5d6da9141844630b"}, "message": "Connection created", "serverHost": "localhost", "serverPort": 27017, "driverConnectionId": 8}
2024-07-25 12:12:05,212 {"clientId": {"$oid": "66a224af5d6da9141844630b"}, "message": "Connection closed", "serverHost": "localhost", "serverPort": 27017, "driverConnectionId": 8, "reason": "An error occurred while using the connection", "error": "error"}
2024-07-25 12:12:05,212 {"clientId": {"$oid": "66a224af5d6da9141844630b"}, "message": "Connection checkout failed", "serverHost": "localhost", "serverPort": 27017, "reason": "An error occurred while trying to establish a new connection", "error": "connectionError", "durationMS": 0.01600000000325963}
2024-07-25 12:12:05,212 {"clientId": {"$oid": "66a224af5d6da9141844630b"}, "message": "Connection pool cleared", "serverHost": "localhost", "serverPort": 27017}
2024-07-25 12:12:05,212 Error inserting log entry into MongoDB: Authentication failed., full error: {'ok': 0.0, 'errmsg': 'Authentication failed.', 'code': 18, 'codeName': 'AuthenticationFailed'}
2024-07-25 12:12:05,212 Preparing to insert log entry: {'event_log_name': 'Application', 'event_id': 8233, 'event_category': 0, 'event_type': 2, 'event_time': 'Wed Jul 24 12:09:24 2024', 'event_data': ('0xC004F074', '0ff1ce15-a989-479d-af46-f275c6370663', 'd450596f-894d-49e0-966a-fd39ed4c4c64', 'TimerEvent')}
2024-07-25 12:12:05,212 {"message": "Server selection started", "selector": "<function writable_server_selector at 0x000001DB37920220>", "operation": "insert", "topologyDescription": "<TopologyDescription id: 66a224af5d6da9141844630b, topology_type: Single, servers: [<ServerDescription ('localhost', 27017) server_type: Unknown, rtt: None, error=OperationFailure(\"Authentication failed., full error: {'ok': 0.0, 'errmsg': 'Authentication failed.', 'code': 18, 'codeName': 'AuthenticationFailed'}\")>]>", "clientId": {"$oid": "66a224af5d6da9141844630b"}}
2024-07-25 12:12:05,214 {"message": "Waiting for suitable server to become available", "selector": "<function writable_server_selector at 0x000001DB37920220>", "operation": "insert", "topologyDescription": "<TopologyDescription id: 66a224af5d6da9141844630b, topology_type: Single, servers: [<ServerDescription ('localhost', 27017) server_type: Unknown, rtt: None, error=OperationFailure(\"Authentication failed., full error: {'ok': 0.0, 'errmsg': 'Authentication failed.', 'code': 18, 'codeName': 'AuthenticationFailed'}\")>]>", "clientId": {"$oid": "66a224af5d6da9141844630b"}, "remainingTimeMS": 30}
2024-07-25 12:12:15,196 {"clientId": {"$oid": "66a224af5d6da9141844630b"}, "message": "Connection pool ready", "serverHost": "localhost", "serverPort": 27017}
2024-07-25 12:12:15,197 {"message": "Server selection succeeded", "selector": "<function writable_server_selector at 0x000001DB37920220>", "operation": "insert", "topologyDescription": "<TopologyDescription id: 66a224af5d6da9141844630b, topology_type: Single, servers: [<ServerDescription ('localhost', 27017) server_type: Standalone, rtt: 0.0>]>", "clientId": {"$oid": "66a224af5d6da9141844630b"}, "serverHost": "localhost", "serverPort": 27017}
2024-07-25 12:12:15,197 {"clientId": {"$oid": "66a224af5d6da9141844630b"}, "message": "Connection checkout started", "serverHost": "localhost", "serverPort": 27017}
2024-07-25 12:12:15,198 {"clientId": {"$oid": "66a224af5d6da9141844630b"}, "message": "Connection created", "serverHost": "localhost", "serverPort": 27017, "driverConnectionId": 9}
2024-07-25 12:12:15,209 {"clientId": {"$oid": "66a224af5d6da9141844630b"}, "message": "Connection closed", "serverHost": "localhost", "serverPort": 27017, "driverConnectionId": 9, "reason": "An error occurred while using the connection", "error": "error"}
2024-07-25 12:12:15,209 {"clientId": {"$oid": "66a224af5d6da9141844630b"}, "message": "Connection checkout failed", "serverHost": "localhost", "serverPort": 27017, "reason": "An error occurred while trying to establish a new connection", "error": "connectionError", "durationMS": 0.01600000000325963}
2024-07-25 12:12:15,211 {"clientId": {"$oid": "66a224af5d6da9141844630b"}, "message": "Connection pool cleared", "serverHost": "localhost", "serverPort": 27017}
2024-07-25 12:12:15,211 Error inserting log entry into MongoDB: Authentication failed., full error: {'ok': 0.0, 'errmsg': 'Authentication failed.', 'code': 18, 'codeName': 'AuthenticationFailed'}
2024-07-25 12:12:15,218 Preparing to insert log entry: {'event_log_name': 'Application', 'event_id': 8233, 'event_category': 0, 'event_type': 2, 'event_time': 'Tue Jul 23 12:01:22 2024', 'event_data': ('0xC004F074', '0ff1ce15-a989-479d-af46-f275c6370663', 'd450596f-894d-49e0-966a-fd39ed4c4c64', 'UserLogon(3)')}
2024-07-25 12:12:15,219 {"message": "Server selection started", "selector": "<function writable_server_selector at 0x000001DB37920220>", "operation": "insert", "topologyDescription": "<TopologyDescription id: 66a224af5d6da9141844630b, topology_type: Single, servers: [<ServerDescription ('localhost', 27017) server_type: Unknown, rtt: None, error=OperationFailure(\"Authentication failed., full error: {'ok': 0.0, 'errmsg': 'Authentication failed.', 'code': 18, 'codeName': 'AuthenticationFailed'}\")>]>", "clientId": {"$oid": "66a224af5d6da9141844630b"}}
2024-07-25 12:12:15,219 {"message": "Waiting for suitable server to become available", "selector": "<function writable_server_selector at 0x000001DB37920220>", "operation": "insert", "topologyDescription": "<TopologyDescription id: 66a224af5d6da9141844630b, topology_type: Single, servers: [<ServerDescription ('localhost', 27017) server_type: Unknown, rtt: None, error=OperationFailure(\"Authentication failed., full error: {'ok': 0.0, 'errmsg': 'Authentication failed.', 'code': 18, 'codeName': 'AuthenticationFailed'}\")>]>", "clientId": {"$oid": "66a224af5d6da9141844630b"}, "remainingTimeMS": 30}
2024-07-25 12:12:25,197 {"clientId": {"$oid": "66a224af5d6da9141844630b"}, "message": "Connection pool ready", "serverHost": "localhost", "serverPort": 27017}
2024-07-25 12:12:25,198 {"message": "Server selection succeeded", "selector": "<function writable_server_selector at 0x000001DB37920220>", "operation": "insert", "topologyDescription": "<TopologyDescription id: 66a224af5d6da9141844630b, topology_type: Single, servers: [<ServerDescription ('localhost', 27017) server_type: Standalone, rtt: 0.0>]>", "clientId": {"$oid": "66a224af5d6da9141844630b"}, "serverHost": "localhost", "serverPort": 27017}
2024-07-25 12:12:25,198 {"clientId": {"$oid": "66a224af5d6da9141844630b"}, "message": "Connection checkout started", "serverHost": "localhost", "serverPort": 27017}
2024-07-25 12:12:25,198 {"clientId": {"$oid": "66a224af5d6da9141844630b"}, "message": "Connection created", "serverHost": "localhost", "serverPort": 27017, "driverConnectionId": 10}
2024-07-25 12:12:25,204 {"clientId": {"$oid": "66a224af5d6da9141844630b"}, "message": "Connection closed", "serverHost": "localhost", "serverPort": 27017, "driverConnectionId": 10, "reason": "An error occurred while using the connection", "error": "error"}
2024-07-25 12:12:25,204 {"clientId": {"$oid": "66a224af5d6da9141844630b"}, "message": "Connection checkout failed", "serverHost": "localhost", "serverPort": 27017, "reason": "An error occurred while trying to establish a new connection", "error": "connectionError", "durationMS": 0.0}
2024-07-25 12:12:25,205 {"clientId": {"$oid": "66a224af5d6da9141844630b"}, "message": "Connection pool cleared", "serverHost": "localhost", "serverPort": 27017}
2024-07-25 12:12:25,205 Error inserting log entry into MongoDB: Authentication failed., full error: {'ok': 0.0, 'errmsg': 'Authentication failed.', 'code': 18, 'codeName': 'AuthenticationFailed'}
2024-07-25 12:12:25,233 Preparing to insert log entry: {'event_log_name': 'Application', 'event_id': 1000, 'event_category': 100, 'event_type': 1, 'event_time': 'Mon Jul 22 13:04:17 2024', 'event_data': ('msedge.exe', '126.0.2592.102', '668ed559', 'KERNELBASE.dll', '10.0.22621.3880', 'db9989e8', 'e0000008', '000000000005fabc', '0x6c8', '0x1dad8ec4b015067', 'C:\\Program Files (x86)\\Microsoft\\Edge\\Application\\msedge.exe', 'C:\\WINDOWS\\System32\\KERNELBASE.dll', 'ef09dc17-bcf2-4954-a3fb-b3abceb096b1', '', '')}
2024-07-25 12:12:25,233 {"message": "Server selection started", "selector": "<function writable_server_selector at 0x000001DB37920220>", "operation": "insert", "topologyDescription": "<TopologyDescription id: 66a224af5d6da9141844630b, topology_type: Single, servers: [<ServerDescription ('localhost', 27017) server_type: Unknown, rtt: None, error=OperationFailure(\"Authentication failed., full error: {'ok': 0.0, 'errmsg': 'Authentication failed.', 'code': 18, 'codeName': 'AuthenticationFailed'}\")>]>", "clientId": {"$oid": "66a224af5d6da9141844630b"}}
2024-07-25 12:12:25,233 {"message": "Waiting for suitable server to become available", "selector": "<function writable_server_selector at 0x000001DB37920220>", "operation": "insert", "topologyDescription": "<TopologyDescription id: 66a224af5d6da9141844630b, topology_type: Single, servers: [<ServerDescription ('localhost', 27017) server_type: Unknown, rtt: None, error=OperationFailure(\"Authentication failed., full error: {'ok': 0.0, 'errmsg': 'Authentication failed.', 'code': 18, 'codeName': 'AuthenticationFailed'}\")>]>", "clientId": {"$oid": "66a224af5d6da9141844630b"}, "remainingTimeMS": 30}
2024-07-25 12:12:35,199 {"clientId": {"$oid": "66a224af5d6da9141844630b"}, "message": "Connection pool ready", "serverHost": "localhost", "serverPort": 27017}
2024-07-25 12:12:35,200 {"message": "Server selection succeeded", "selector": "<function writable_server_selector at 0x000001DB37920220>", "operation": "insert", "topologyDescription": "<TopologyDescription id: 66a224af5d6da9141844630b, topology_type: Single, servers: [<ServerDescription ('localhost', 27017) server_type: Standalone, rtt: 0.0>]>", "clientId": {"$oid": "66a224af5d6da9141844630b"}, "serverHost": "localhost", "serverPort": 27017}
2024-07-25 12:12:35,200 {"clientId": {"$oid": "66a224af5d6da9141844630b"}, "message": "Connection checkout started", "serverHost": "localhost", "serverPort": 27017}
2024-07-25 12:12:35,201 {"clientId": {"$oid": "66a224af5d6da9141844630b"}, "message": "Connection created", "serverHost": "localhost", "serverPort": 27017, "driverConnectionId": 11}
2024-07-25 12:12:35,233 {"clientId": {"$oid": "66a224af5d6da9141844630b"}, "message": "Connection closed", "serverHost": "localhost", "serverPort": 27017, "driverConnectionId": 11, "reason": "An error occurred while using the connection", "error": "error"}
2024-07-25 12:12:35,233 {"clientId": {"$oid": "66a224af5d6da9141844630b"}, "message": "Connection checkout failed", "serverHost": "localhost", "serverPort": 27017, "reason": "An error occurred while trying to establish a new connection", "error": "connectionError", "durationMS": 0.031000000002677552}
2024-07-25 12:12:35,235 {"clientId": {"$oid": "66a224af5d6da9141844630b"}, "message": "Connection pool cleared", "serverHost": "localhost", "serverPort": 27017}
2024-07-25 12:12:35,235 Error inserting log entry into MongoDB: Authentication failed., full error: {'ok': 0.0, 'errmsg': 'Authentication failed.', 'code': 18, 'codeName': 'AuthenticationFailed'}
2024-07-25 12:12:35,261 Preparing to insert log entry: {'event_log_name': 'Application', 'event_id': 8233, 'event_category': 0, 'event_type': 2, 'event_time': 'Mon Jul 22 12:27:05 2024', 'event_data': ('0xC004F074', '0ff1ce15-a989-479d-af46-f275c6370663', 'd450596f-894d-49e0-966a-fd39ed4c4c64', 'NetworkQuarantineRetry')}
2024-07-25 12:12:35,261 {"message": "Server selection started", "selector": "<function writable_server_selector at 0x000001DB37920220>", "operation": "insert", "topologyDescription": "<TopologyDescription id: 66a224af5d6da9141844630b, topology_type: Single, servers: [<ServerDescription ('localhost', 27017) server_type: Unknown, rtt: None, error=OperationFailure(\"Authentication failed., full error: {'ok': 0.0, 'errmsg': 'Authentication failed.', 'code': 18, 'codeName': 'AuthenticationFailed'}\")>]>", "clientId": {"$oid": "66a224af5d6da9141844630b"}}
2024-07-25 12:12:35,262 {"message": "Waiting for suitable server to become available", "selector": "<function writable_server_selector at 0x000001DB37920220>", "operation": "insert", "topologyDescription": "<TopologyDescription id: 66a224af5d6da9141844630b, topology_type: Single, servers: [<ServerDescription ('localhost', 27017) server_type: Unknown, rtt: None, error=OperationFailure(\"Authentication failed., full error: {'ok': 0.0, 'errmsg': 'Authentication failed.', 'code': 18, 'codeName': 'AuthenticationFailed'}\")>]>", "clientId": {"$oid": "66a224af5d6da9141844630b"}, "remainingTimeMS": 30}
2024-07-25 12:12:45,201 {"clientId": {"$oid": "66a224af5d6da9141844630b"}, "message": "Connection pool ready", "serverHost": "localhost", "serverPort": 27017}
2024-07-25 12:12:45,202 {"message": "Server selection succeeded", "selector": "<function writable_server_selector at 0x000001DB37920220>", "operation": "insert", "topologyDescription": "<TopologyDescription id: 66a224af5d6da9141844630b, topology_type: Single, servers: [<ServerDescription ('localhost', 27017) server_type: Standalone, rtt: 0.002999999999883585>]>", "clientId": {"$oid": "66a224af5d6da9141844630b"}, "serverHost": "localhost", "serverPort": 27017}
2024-07-25 12:12:45,202 {"clientId": {"$oid": "66a224af5d6da9141844630b"}, "message": "Connection checkout started", "serverHost": "localhost", "serverPort": 27017}
2024-07-25 12:12:45,203 {"clientId": {"$oid": "66a224af5d6da9141844630b"}, "message": "Connection created", "serverHost": "localhost", "serverPort": 27017, "driverConnectionId": 12}
2024-07-25 12:12:45,214 {"clientId": {"$oid": "66a224af5d6da9141844630b"}, "message": "Connection closed", "serverHost": "localhost", "serverPort": 27017, "driverConnectionId": 12, "reason": "An error occurred while using the connection", "error": "error"}
2024-07-25 12:12:45,215 {"clientId": {"$oid": "66a224af5d6da9141844630b"}, "message": "Connection checkout failed", "serverHost": "localhost", "serverPort": 27017, "reason": "An error occurred while trying to establish a new connection", "error": "connectionError", "durationMS": 0.01600000000325963}
2024-07-25 12:12:45,216 {"clientId": {"$oid": "66a224af5d6da9141844630b"}, "message": "Connection pool cleared", "serverHost": "localhost", "serverPort": 27017}
2024-07-25 12:12:45,216 Error inserting log entry into MongoDB: Authentication failed., full error: {'ok': 0.0, 'errmsg': 'Authentication failed.', 'code': 18, 'codeName': 'AuthenticationFailed'}
2024-07-25 12:12:45,220 Preparing to insert log entry: {'event_log_name': 'Application', 'event_id': 8233, 'event_category': 0, 'event_type': 2, 'event_time': 'Mon Jul 22 12:22:40 2024', 'event_data': ('0xC004F074', '0ff1ce15-a989-479d-af46-f275c6370663', 'd450596f-894d-49e0-966a-fd39ed4c4c64', 'NetworkAvailable')}
2024-07-25 12:12:45,221 {"message": "Server selection started", "selector": "<function writable_server_selector at 0x000001DB37920220>", "operation": "insert", "topologyDescription": "<TopologyDescription id: 66a224af5d6da9141844630b, topology_type: Single, servers: [<ServerDescription ('localhost', 27017) server_type: Unknown, rtt: None, error=OperationFailure(\"Authentication failed., full error: {'ok': 0.0, 'errmsg': 'Authentication failed.', 'code': 18, 'codeName': 'AuthenticationFailed'}\")>]>", "clientId": {"$oid": "66a224af5d6da9141844630b"}}
2024-07-25 12:12:45,222 {"message": "Waiting for suitable server to become available", "selector": "<function writable_server_selector at 0x000001DB37920220>", "operation": "insert", "topologyDescription": "<TopologyDescription id: 66a224af5d6da9141844630b, topology_type: Single, servers: [<ServerDescription ('localhost', 27017) server_type: Unknown, rtt: None, error=OperationFailure(\"Authentication failed., full error: {'ok': 0.0, 'errmsg': 'Authentication failed.', 'code': 18, 'codeName': 'AuthenticationFailed'}\")>]>", "clientId": {"$oid": "66a224af5d6da9141844630b"}, "remainingTimeMS": 30}
